<?xml version="1.0" encoding="UTF-8"?>
<!-- Generated by org.testng.reporters.JUnitReportReporter -->
<testsuite hostname="MC76" failures="0" tests="1" name="com.example.demo.test.Log4jApplicationTest" time="1.466" errors="0" timestamp="2021-09-02T04:48:36 EDT" skipped="0">
  <testcase classname="com.example.demo.test.Log4jApplicationTest" name="contextLoads" time="1.466"/>
  <system-out/>
</testsuite> <!-- com.example.demo.test.Log4jApplicationTest -->
