<?xml version="1.0" encoding="UTF-8"?>
<!-- Generated by org.testng.reporters.JUnitReportReporter -->
<testsuite hostname="ocean-OptiPlex-3050" failures="0" tests="1" name="com.example.demo.student.Mytest" time="1.602" errors="0" timestamp="2021-08-30T14:50:18 IST" skipped="0">
  <testcase classname="com.example.demo.student.Mytest" name="getItems" time="1.602"/>
  <system-out/>
</testsuite> <!-- com.example.demo.student.Mytest -->
